<?xml version="1.0" encoding="UTF-8"?>
<testsuite xmlns:xsi="http://www.w3.org/2001/XMLSchema-instance" xsi:noNamespaceSchemaLocation="https://maven.apache.org/surefire/maven-surefire-plugin/xsd/surefire-test-report.xsd" version="3.0.2" name="TestSuite" time="33.55" tests="1" errors="0" skipped="0" failures="0">
  <properties>
    <property name="java.specification.version" value="17"/>
    <property name="sun.cpu.isalist" value="amd64"/>
    <property name="sun.jnu.encoding" value="Cp1252"/>
    <property name="java.class.path" value="D:\Practice\PlayWrightPractice\PlayWrightSample\target\test-classes;D:\Practice\PlayWrightPractice\PlayWrightSample\target\classes;C:\Users\NI20457047\.m2\repository\com\microsoft\playwright\playwright\1.32.0\playwright-1.32.0.jar;C:\Users\NI20457047\.m2\repository\com\google\code\gson\gson\2.8.9\gson-2.8.9.jar;C:\Users\NI20457047\.m2\repository\org\opentest4j\opentest4j\1.2.0\opentest4j-1.2.0.jar;C:\Users\NI20457047\.m2\repository\com\microsoft\playwright\driver\1.32.0\driver-1.32.0.jar;C:\Users\NI20457047\.m2\repository\com\microsoft\playwright\driver-bundle\1.32.0\driver-bundle-1.32.0.jar;C:\Users\NI20457047\.m2\repository\org\testng\testng\7.7.0\testng-7.7.0.jar;C:\Users\NI20457047\.m2\repository\org\slf4j\slf4j-api\1.7.36\slf4j-api-1.7.36.jar;C:\Users\NI20457047\.m2\repository\com\beust\jcommander\1.82\jcommander-1.82.jar;C:\Users\NI20457047\.m2\repository\org\webjars\jquery\3.6.1\jquery-3.6.1.jar;"/>
    <property name="java.vm.vendor" value="Oracle Corporation"/>
    <property name="sun.arch.data.model" value="64"/>
    <property name="user.variant" value=""/>
    <property name="java.vendor.url" value="https://java.oracle.com/"/>
    <property name="user.timezone" value="Asia/Calcutta"/>
    <property name="os.name" value="Windows 11"/>
    <property name="java.vm.specification.version" value="17"/>
    <property name="sun.java.launcher" value="SUN_STANDARD"/>
    <property name="user.country" value="US"/>
    <property name="sun.boot.library.path" value="C:\Program Files\Java\jdk-17\bin"/>
    <property name="sun.java.command" value="C:\Users\NI20457047\AppData\Local\Temp\surefire1376220779879332773\surefirebooter-20250403131722706_7.jar C:\Users\NI20457047\AppData\Local\Temp\surefire1376220779879332773 2025-04-03T13-16-37_162-jvmRun1 surefire-20250403131722706_5tmp surefire_1-20250403131722706_6tmp"/>
    <property name="jdk.debug" value="release"/>
    <property name="surefire.test.class.path" value="D:\Practice\PlayWrightPractice\PlayWrightSample\target\test-classes;D:\Practice\PlayWrightPractice\PlayWrightSample\target\classes;C:\Users\NI20457047\.m2\repository\com\microsoft\playwright\playwright\1.32.0\playwright-1.32.0.jar;C:\Users\NI20457047\.m2\repository\com\google\code\gson\gson\2.8.9\gson-2.8.9.jar;C:\Users\NI20457047\.m2\repository\org\opentest4j\opentest4j\1.2.0\opentest4j-1.2.0.jar;C:\Users\NI20457047\.m2\repository\com\microsoft\playwright\driver\1.32.0\driver-1.32.0.jar;C:\Users\NI20457047\.m2\repository\com\microsoft\playwright\driver-bundle\1.32.0\driver-bundle-1.32.0.jar;C:\Users\NI20457047\.m2\repository\org\testng\testng\7.7.0\testng-7.7.0.jar;C:\Users\NI20457047\.m2\repository\org\slf4j\slf4j-api\1.7.36\slf4j-api-1.7.36.jar;C:\Users\NI20457047\.m2\repository\com\beust\jcommander\1.82\jcommander-1.82.jar;C:\Users\NI20457047\.m2\repository\org\webjars\jquery\3.6.1\jquery-3.6.1.jar;"/>
    <property name="sun.cpu.endian" value="little"/>
    <property name="user.home" value="C:\Users\NI20457047"/>
    <property name="user.language" value="en"/>
    <property name="java.specification.vendor" value="Oracle Corporation"/>
    <property name="java.version.date" value="2023-04-18"/>
    <property name="java.home" value="C:\Program Files\Java\jdk-17"/>
    <property name="file.separator" value="\"/>
    <property name="basedir" value="D:\Practice\PlayWrightPractice\PlayWrightSample"/>
    <property name="java.vm.compressedOopsMode" value="Zero based"/>
    <property name="line.separator" value="&#10;"/>
    <property name="java.vm.specification.vendor" value="Oracle Corporation"/>
    <property name="java.specification.name" value="Java Platform API Specification"/>
    <property name="surefire.real.class.path" value="C:\Users\NI20457047\AppData\Local\Temp\surefire1376220779879332773\surefirebooter-20250403131722706_7.jar"/>
    <property name="user.script" value=""/>
    <property name="sun.management.compiler" value="HotSpot 64-Bit Tiered Compilers"/>
    <property name="java.runtime.version" value="17.0.7+8-LTS-224"/>
    <property name="user.name" value="NI20457047"/>
    <property name="path.separator" value=";"/>
    <property name="os.version" value="10.0"/>
    <property name="java.runtime.name" value="Java(TM) SE Runtime Environment"/>
    <property name="file.encoding" value="Cp1252"/>
    <property name="java.vm.name" value="Java HotSpot(TM) 64-Bit Server VM"/>
    <property name="localRepository" value="C:\Users\NI20457047\.m2\repository"/>
    <property name="java.vendor.url.bug" value="https://bugreport.java.com/bugreport/"/>
    <property name="java.io.tmpdir" value="C:\Users\NI20457047\AppData\Local\Temp\"/>
    <property name="java.version" value="17.0.7"/>
    <property name="user.dir" value="D:\Practice\PlayWrightPractice\PlayWrightSample"/>
    <property name="os.arch" value="amd64"/>
    <property name="java.vm.specification.name" value="Java Virtual Machine Specification"/>
    <property name="sun.os.patch.level" value=""/>
    <property name="native.encoding" value="Cp1252"/>
    <property name="java.library.path" value="C:\Program Files\Java\jdk-17\bin;C:\WINDOWS\Sun\Java\bin;C:\WINDOWS\system32;C:\WINDOWS;C:\Program Files\Common Files\Oracle\Java\javapath;C:\Program Files (x86)\TRICENTIS\Tosca Testsuite\ToscaCommander;;C:\Program Files (x86)\TRICENTIS\Tosca Testsuite\Classic;C:\Program Files (x86)\TRICENTIS\Tosca Testsuite\Classic\dll;C:\Program Files (x86)\TRICENTIS\Tosca Testsuite\Classic\dll\GuptaEngine;C:\Program Files (x86)\TRICENTIS\Tosca Testsuite\ToscaCommander;C:\Program Files (x86)\TRICENTIS\Tosca Testsuite\Classic\dll\DelphiEngine;C:\Program Files (x86)\TRICENTIS\Tosca Testsuite\Classic\dll\PBEngine;C:\Program Files (x86)\TRICENTIS\Tosca Testsuite\Classic\dll\VBEngine;C:\Program Files (x86)\TRICENTIS\Tosca Testsuite\Classic\dll\DotNetHooking;;C:\WINDOWS\system32;C:\WINDOWS;C:\WINDOWS\System32\Wbem;C:\WINDOWS\System32\WindowsPowerShell\v1.0\;C:\WINDOWS\System32\OpenSSH\;C:\Program Files\Java\jdk-17\bin;C:\apache-maven-3.8.3-bin\apache-maven-3.8.3\bin;C:\Program Files\nodejs\;C:\Users\NI20457047\AppData\Local\Microsoft\WindowsApps;C:\Users\NI20457047\AppData\Roaming\npm;C:\Users\NI20457047\AppData\Local\Programs\Microsoft VS Code\bin;C:\Users\NI20457047\AppData\Local\Programs\Git\cmd;;."/>
    <property name="java.vm.info" value="mixed mode, sharing"/>
    <property name="java.vendor" value="Oracle Corporation"/>
    <property name="java.vm.version" value="17.0.7+8-LTS-224"/>
    <property name="sun.io.unicode.encoding" value="UnicodeLittle"/>
    <property name="java.class.version" value="61.0"/>
  </properties>
  <testcase name="EnterValueInSearch" classname="PlayWrightSample.PlayWrightSample.BaseTest" time="15.196">
    <system-err><![CDATA[SLF4J: Failed to load class "org.slf4j.impl.StaticLoggerBinder".
SLF4J: Defaulting to no-operation (NOP) logger implementation
SLF4J: See http://www.slf4j.org/codes.html#StaticLoggerBinder for further details.
]]></system-err>
  </testcase>
</testsuite>