<?xml version="1.0" encoding="UTF-8"?>
<!-- Generated by org.testng.reporters.JUnitReportReporter -->
<testsuite hostname="L-156269141" failures="0" tests="1" name="PlayWrightSample.PlayWrightSample.AppTest" time="0.011" errors="0" timestamp="2025-03-24T20:13:51 IST" skipped="0">
  <testcase classname="PlayWrightSample.PlayWrightSample.AppTest" name="TestFindElement" time="0.011"/>
  <system-out/>
</testsuite> <!-- PlayWrightSample.PlayWrightSample.AppTest -->
