<?xml version="1.0" encoding="UTF-8"?>
<!-- Generated by org.testng.reporters.JUnitReportReporter -->
<testsuite hostname="L-156269141" failures="0" tests="1" name="PlayWrightSample.PlayWrightSample.BaseTest" time="15.195" errors="0" timestamp="2025-04-03T13:17:57 IST" skipped="0">
  <testcase classname="PlayWrightSample.PlayWrightSample.BaseTest" name="EnterValueInSearch" time="15.195"/>
  <system-out/>
</testsuite> <!-- PlayWrightSample.PlayWrightSample.BaseTest -->
